c:\users\sapph\desktop\gf3d\gf3d\win32\debug\vc120.pdb
c:\users\sapph\desktop\gf3d\gf3d\win32\debug\vc120.idb
c:\users\sapph\desktop\gf3d\gf3d\win32\debug\game.obj
c:\users\sapph\desktop\gf3d\gf3d\win32\debug\gf3d_camera.obj
c:\users\sapph\desktop\gf3d\gf3d\win32\debug\gf3d_commands.obj
c:\users\sapph\desktop\gf3d\gf3d\win32\debug\gf3d_extensions.obj
c:\users\sapph\desktop\gf3d\gf3d\win32\debug\gf3d_matrix.obj
c:\users\sapph\desktop\gf3d\gf3d\win32\debug\gf3d_model.obj
c:\users\sapph\desktop\gf3d\gf3d\win32\debug\gf3d_pipeline.obj
c:\users\sapph\desktop\gf3d\gf3d\win32\debug\gf3d_shaders.obj
c:\users\sapph\desktop\gf3d\gf3d\win32\debug\gf3d_swapchain.obj
c:\users\sapph\desktop\gf3d\gf3d\win32\debug\gf3d_types.obj
c:\users\sapph\desktop\gf3d\gf3d\win32\debug\gf3d_validation.obj
c:\users\sapph\desktop\gf3d\gf3d\win32\debug\gf3d_vector.obj
c:\users\sapph\desktop\gf3d\gf3d\win32\debug\gf3d_vgraphics.obj
c:\users\sapph\desktop\gf3d\gf3d\win32\debug\gf3d_vqueues.obj
c:\users\sapph\desktop\gf3d\gf3d\win32\debug\simple_logger.obj
c:\users\sapph\desktop\gf3d\gf3d\win32\gf3d.ilk
c:\users\sapph\desktop\gf3d\gf3d\win32\gf3d.exe
c:\users\sapph\desktop\gf3d\gf3d\win32\gf3d.pdb
c:\users\sapph\desktop\gf3d\gf3d\win32\.\gf3d.exe
c:\users\sapph\desktop\gf3d\gf3d\win32\debug\gf3d.tlog\cl.command.1.tlog
c:\users\sapph\desktop\gf3d\gf3d\win32\debug\gf3d.tlog\cl.read.1.tlog
c:\users\sapph\desktop\gf3d\gf3d\win32\debug\gf3d.tlog\cl.write.1.tlog
c:\users\sapph\desktop\gf3d\gf3d\win32\debug\gf3d.tlog\link.command.1.tlog
c:\users\sapph\desktop\gf3d\gf3d\win32\debug\gf3d.tlog\link.read.1.tlog
c:\users\sapph\desktop\gf3d\gf3d\win32\debug\gf3d.tlog\link.write.1.tlog
